[debug] [2017-10-10T23:15:00.794Z] ----------------------------------------------------------------------
[debug] [2017-10-10T23:15:00.797Z] Command:       /usr/bin/node /usr/local/bin/firebase init functions
[debug] [2017-10-10T23:15:00.798Z] CLI Version:   3.13.1
[debug] [2017-10-10T23:15:00.798Z] Platform:      linux
[debug] [2017-10-10T23:15:00.798Z] Node Version:  v8.5.0
[debug] [2017-10-10T23:15:00.798Z] Time:          Wed Oct 11 2017 07:15:00 GMT+0800 (HKT)
[debug] [2017-10-10T23:15:00.798Z] ----------------------------------------------------------------------
[debug] 
[debug] [2017-10-10T23:15:00.828Z] > command requires scopes: ["email","openid","https://www.googleapis.com/auth/cloudplatformprojects.readonly","https://www.googleapis.com/auth/firebase"]
[debug] [2017-10-10T23:15:00.829Z] > authorizing via signed-in user
[info] 
     ######## #### ########  ######## ########     ###     ######  ########
     ##        ##  ##     ## ##       ##     ##  ##   ##  ##       ##
     ######    ##  ########  ######   ########  #########  ######  ######
     ##        ##  ##    ##  ##       ##     ## ##     ##       ## ##
     ##       #### ##     ## ######## ########  ##     ##  ######  ########

You're about to initialize a Firebase project in this directory:

  /home/michael/tkpss-table-tennis-club

[info] 
=== Project Setup
[info] 
[info] First, let's associate this project directory with a Firebase project.
[info] You can create multiple project aliases by running firebase use --add, 
[info] but for now we'll just set up a default project.
[info] 
[debug] [2017-10-10T23:15:00.837Z] > refreshing access token with scopes: ["email","https://www.googleapis.com/auth/cloudplatformprojects.readonly","https://www.googleapis.com/auth/firebase","openid"]
[debug] [2017-10-10T23:15:00.838Z] >>> HTTP REQUEST POST https://www.googleapis.com/oauth2/v3/token { refresh_token: '1/RcJyr2DSCHoNCjwXDq2XqactrliA2kxwqpkUZOQSlIo',
  client_id: '563584335869-fgrhgmd47bqnekij5i8b5pr03ho849e6.apps.googleusercontent.com',
  client_secret: 'j9iVZfS8kkCEFUPaAeJV0sAi',
  grant_type: 'refresh_token',
  scope: 'email https://www.googleapis.com/auth/cloudplatformprojects.readonly https://www.googleapis.com/auth/firebase openid' } 
 Wed Oct 11 2017 07:15:00 GMT+0800 (HKT)
[debug] [2017-10-10T23:15:00.952Z] <<< HTTP RESPONSE 200
[debug] [2017-10-10T23:15:01.006Z] >>> HTTP REQUEST GET https://admin.firebase.com/v1/projects  
 Wed Oct 11 2017 07:15:01 GMT+0800 (HKT)
[debug] [2017-10-10T23:15:02.235Z] <<< HTTP RESPONSE 200
[info] 
=== Functions Setup
[info] 
[info] A functions directory will be created in your project with a Node.js
[info] package pre-configured. Functions can be deployed with firebase deploy.
[info] 
[debug] [2017-10-10T23:23:19.054Z] > command requires scopes: ["email","openid","https://www.googleapis.com/auth/cloudplatformprojects.readonly","https://www.googleapis.com/auth/firebase","https://www.googleapis.com/auth/cloud-platform"]
[debug] [2017-10-10T23:23:19.055Z] > authorizing via signed-in user
[debug] [2017-10-10T23:23:19.057Z] > refreshing access token with scopes: ["email","https://www.googleapis.com/auth/cloud-platform","https://www.googleapis.com/auth/cloudplatformprojects.readonly","https://www.googleapis.com/auth/firebase","openid"]
[debug] [2017-10-10T23:23:19.057Z] >>> HTTP REQUEST POST https://www.googleapis.com/oauth2/v3/token { refresh_token: '1/RcJyr2DSCHoNCjwXDq2XqactrliA2kxwqpkUZOQSlIo',
  client_id: '563584335869-fgrhgmd47bqnekij5i8b5pr03ho849e6.apps.googleusercontent.com',
  client_secret: 'j9iVZfS8kkCEFUPaAeJV0sAi',
  grant_type: 'refresh_token',
  scope: 'email https://www.googleapis.com/auth/cloud-platform https://www.googleapis.com/auth/cloudplatformprojects.readonly https://www.googleapis.com/auth/firebase openid' } 
 Wed Oct 11 2017 07:23:19 GMT+0800 (HKT)
[debug] [2017-10-10T23:23:19.126Z] <<< HTTP RESPONSE 200
[debug] [2017-10-10T23:23:19.158Z] >>> HTTP REQUEST GET https://admin.firebase.com/v1/projects/tkpss-table-tennis-club  
 Wed Oct 11 2017 07:23:19 GMT+0800 (HKT)
[debug] [2017-10-10T23:23:20.027Z] <<< HTTP RESPONSE 200
[debug] [2017-10-10T23:23:20.029Z] >>> HTTP REQUEST GET https://admin.firebase.com/v1/database/tkpss-table-tennis-club/tokens  
 Wed Oct 11 2017 07:23:20 GMT+0800 (HKT)
[debug] [2017-10-10T23:23:20.838Z] <<< HTTP RESPONSE 200
[debug] [2017-10-10T23:23:20.842Z] >>> HTTP REQUEST PATCH https://servicemanagement.googleapis.com/v1/services/cloudfunctions.googleapis.com/projectSettings/tkpss-table-tennis-club?updateMask=usageSettings { usageSettings: { consumerEnableStatus: 'ENABLED' } } 
 Wed Oct 11 2017 07:23:20 GMT+0800 (HKT)
[debug] [2017-10-10T23:23:20.846Z] >>> HTTP REQUEST PATCH https://servicemanagement.googleapis.com/v1/services/runtimeconfig.googleapis.com/projectSettings/tkpss-table-tennis-club?updateMask=usageSettings { usageSettings: { consumerEnableStatus: 'ENABLED' } } 
 Wed Oct 11 2017 07:23:20 GMT+0800 (HKT)
[info] ✔  Wrote functions/package.json
[debug] [2017-10-10T23:23:22.539Z] <<< HTTP RESPONSE 200
[debug] [2017-10-10T23:23:22.806Z] <<< HTTP RESPONSE 200
[info] i  Skipping write of functions/index.js
